<?xml version="1.0" encoding="UTF-8"?>
<robot generator="Robot 7.2.2 (Python 3.13.2 on win32)" generated="2025-02-10T23:26:23.374843" rpa="false" schemaversion="5">
<suite id="s1" name="Api Testing Usuarios" source="C:\Robot-ApiTesting\tests\api_testing_usuarios.robot">
<test id="s1-t1" name="Cenario 01: Cadastrar um novo usuario com sucesso na ServeRest" line="8">
<kw name="Criar um usuario novo" owner="api_testing_usuarios">
<kw name="Generate Random String" owner="String">
<msg time="2025-02-10T23:26:23.608691" level="INFO">${palavra_aleatoria} = LDAV</msg>
<var>${palavra_aleatoria}</var>
<arg>length=4</arg>
<arg>chars=[LETTERS]</arg>
<doc>Generates a string with a desired ``length`` from the given ``chars``.</doc>
<status status="PASS" start="2025-02-10T23:26:23.608505" elapsed="0.000215"/>
</kw>
<kw name="Convert To Lower Case" owner="String">
<msg time="2025-02-10T23:26:23.608887" level="INFO">${palavra_aleatoria} = ldav</msg>
<var>${palavra_aleatoria}</var>
<arg>${palavra_aleatoria}</arg>
<doc>Converts string to lower case.</doc>
<status status="PASS" start="2025-02-10T23:26:23.608799" elapsed="0.000104"/>
</kw>
<kw name="Set Test Variable" owner="BuiltIn">
<msg time="2025-02-10T23:26:23.609310" level="INFO">${EMAIL_TESTE} = ldav@emailteste.com</msg>
<arg>${EMAIL_TESTE}</arg>
<arg>${palavra_aleatoria}@emailteste.com</arg>
<doc>Makes a variable available everywhere within the scope of the current test.</doc>
<status status="PASS" start="2025-02-10T23:26:23.608968" elapsed="0.000366"/>
</kw>
<kw name="Log" owner="BuiltIn">
<msg time="2025-02-10T23:26:23.609458" level="INFO">ldav@emailteste.com</msg>
<arg>${EMAIL_TESTE}</arg>
<doc>Logs the given message with the given level.</doc>
<status status="PASS" start="2025-02-10T23:26:23.609392" elapsed="0.000089"/>
</kw>
<status status="PASS" start="2025-02-10T23:26:23.608090" elapsed="0.001434"/>
</kw>
<kw name="Cadastrar o usuario criado na ServeRest" owner="api_testing_usuarios">
<kw name="Create Dictionary" owner="BuiltIn">
<msg time="2025-02-10T23:26:23.610024" level="INFO">${body} = {'nome': 'Fulano da Silva', 'email': 'ldav@emailteste.com', 'password': '1234', 'administrador': 'true'}</msg>
<var>${body}</var>
<arg>nome=Fulano da Silva</arg>
<arg>email=${email}</arg>
<arg>password=1234</arg>
<arg>administrador=true</arg>
<doc>Creates and returns a dictionary based on the given ``items``.</doc>
<status status="PASS" start="2025-02-10T23:26:23.609869" elapsed="0.000171"/>
</kw>
<kw name="Log" owner="BuiltIn">
<msg time="2025-02-10T23:26:23.610149" level="INFO">{'nome': 'Fulano da Silva', 'email': 'ldav@emailteste.com', 'password': '1234', 'administrador': 'true'}</msg>
<arg>${body}</arg>
<doc>Logs the given message with the given level.</doc>
<status status="PASS" start="2025-02-10T23:26:23.610092" elapsed="0.000077"/>
</kw>
<kw name="Criar Sessao na ServeRest" owner="api_testing_usuarios">
<kw name="Create Dictionary" owner="BuiltIn">
<msg time="2025-02-10T23:26:23.610402" level="INFO">${headers} = {'accept': 'application/json', 'Content-Type': 'application/json'}</msg>
<var>${headers}</var>
<arg>accept=application/json</arg>
<arg>Content-Type=application/json</arg>
<doc>Creates and returns a dictionary based on the given ``items``.</doc>
<status status="PASS" start="2025-02-10T23:26:23.610324" elapsed="0.000091"/>
</kw>
<kw name="Create Session" owner="RequestsLibrary">
<msg time="2025-02-10T23:26:23.610560" level="INFO">Creating Session using : alias=ServeRest, url=https://serverest.dev/#/, headers={'accept': 'application/json', 'Content-Type': 'application/json'},                     cookies={}, auth=None, timeout=None, proxies=None, verify=False,                     debug=0 </msg>
<arg>alias=ServeRest</arg>
<arg>url=https://serverest.dev/#/</arg>
<arg>headers=${headers}</arg>
<doc>Create Session: create a HTTP session to a server</doc>
<status status="PASS" start="2025-02-10T23:26:23.610470" elapsed="0.000191"/>
</kw>
<status status="PASS" start="2025-02-10T23:26:23.610226" elapsed="0.000470"/>
</kw>
<kw name="POST On Session" owner="RequestsLibrary">
<msg time="2025-02-10T23:26:23.991197" level="INFO">POST Request : url=https://serverest.dev/usuarios 
 path_url=/usuarios 
 headers={'User-Agent': 'python-requests/2.32.3', 'Accept-Encoding': 'gzip, deflate', 'accept': 'application/json', 'Connection': 'keep-alive', 'Content-Type': 'application/json', 'Content-Length': '104'} 
 body=b'{"nome": "Fulano da Silva", "email": "ldav@emailteste.com", "password": "1234", "administrador": "true"}' 
 </msg>
<msg time="2025-02-10T23:26:23.991485" level="INFO">POST Response : url=https://serverest.dev/usuarios 
 status=201, reason=Created 
 headers={'access-control-allow-origin': '*', 'x-dns-prefetch-control': 'off', 'x-frame-options': 'SAMEORIGIN', 'strict-transport-security': 'max-age=15552000; includeSubDomains', 'x-download-options': 'noopen', 'x-content-type-options': 'nosniff', 'x-xss-protection': '1; mode=block', 'content-type': 'application/json; charset=utf-8', 'X-Cloud-Trace-Context': 'ab5e8d94eb7e87b33f487d362c6df845;o=1', 'Date': 'Tue, 11 Feb 2025 02:26:37 GMT', 'Server': 'Google Frontend', 'Content-Length': '82'} 
 body={
    "message": "Cadastro realizado com sucesso",
    "_id": "SIQGIizKbPQrqhBS"
} 
 </msg>
<msg time="2025-02-10T23:26:23.991621" level="INFO">C:\Users\ozeia\AppData\Local\Programs\Python\Python313\Lib\site-packages\urllib3\connectionpool.py:1097: InsecureRequestWarning: Unverified HTTPS request is being made to host 'serverest.dev'. Adding certificate verification is strongly advised. See: https://urllib3.readthedocs.io/en/latest/advanced-usage.html#tls-warnings
  warnings.warn(</msg>
<msg time="2025-02-10T23:26:23.992268" level="INFO">${resposta} = &lt;Response [201]&gt;</msg>
<var>${resposta}</var>
<arg>alias=ServeRest</arg>
<arg>url=/usuarios</arg>
<arg>json=${body}</arg>
<arg>expected_status=${status_code_esperado}</arg>
<doc>Sends a POST request on a previously created HTTP Session.</doc>
<status status="PASS" start="2025-02-10T23:26:23.610739" elapsed="0.381612"/>
</kw>
<kw name="Log" owner="BuiltIn">
<msg time="2025-02-10T23:26:23.993904" level="INFO">{'message': 'Cadastro realizado com sucesso', '_id': 'SIQGIizKbPQrqhBS'}</msg>
<arg>${resposta.json()}</arg>
<doc>Logs the given message with the given level.</doc>
<status status="PASS" start="2025-02-10T23:26:23.992640" elapsed="0.001376"/>
</kw>
<if>
<branch type="IF" condition="${resposta.status_code} == 201">
<kw name="Set Test Variable" owner="BuiltIn">
<msg time="2025-02-10T23:26:23.996449" level="INFO">${ID_USUARIO} = SIQGIizKbPQrqhBS</msg>
<arg>${ID_USUARIO}</arg>
<arg>${resposta.json()["_id"]}</arg>
<doc>Makes a variable available everywhere within the scope of the current test.</doc>
<status status="PASS" start="2025-02-10T23:26:23.995084" elapsed="0.001441"/>
</kw>
<status status="PASS" start="2025-02-10T23:26:23.994203" elapsed="0.002394"/>
</branch>
<status status="PASS" start="2025-02-10T23:26:23.994148" elapsed="0.002498"/>
</if>
<kw name="Set Test Variable" owner="BuiltIn">
<msg time="2025-02-10T23:26:23.997556" level="INFO">${RESPOSTA} = {'message': 'Cadastro realizado com sucesso', '_id': 'SIQGIizKbPQrqhBS'}</msg>
<arg>${RESPOSTA}</arg>
<arg>${resposta.json()}</arg>
<doc>Makes a variable available everywhere within the scope of the current test.</doc>
<status status="PASS" start="2025-02-10T23:26:23.996809" elapsed="0.000822"/>
</kw>
<arg>email=${EMAIL_TESTE}</arg>
<arg>status_code_esperado=201</arg>
<status status="PASS" start="2025-02-10T23:26:23.609697" elapsed="0.388040"/>
</kw>
<kw name="Conferir se o usuario foi cadastrado corretamente" owner="api_testing_usuarios">
<kw name="Log" owner="BuiltIn">
<msg time="2025-02-10T23:26:23.999117" level="INFO">{'message': 'Cadastro realizado com sucesso', '_id': 'SIQGIizKbPQrqhBS'}</msg>
<arg>${RESPOSTA}</arg>
<doc>Logs the given message with the given level.</doc>
<status status="PASS" start="2025-02-10T23:26:23.998925" elapsed="0.000263"/>
</kw>
<kw name="Dictionary Should Contain Item" owner="Collections">
<arg>${RESPOSTA}</arg>
<arg>message</arg>
<arg>Cadastro realizado com sucesso</arg>
<doc>An item of ``key`` / ``value`` must be found in a ``dictionary``.</doc>
<status status="PASS" start="2025-02-10T23:26:23.999326" elapsed="0.000218"/>
</kw>
<kw name="Dictionary Should Contain Key" owner="Collections">
<arg>${RESPOSTA}</arg>
<arg>_id</arg>
<doc>Fails if ``key`` is not found from ``dictionary``.</doc>
<status status="PASS" start="2025-02-10T23:26:24.000005" elapsed="0.000217"/>
</kw>
<status status="PASS" start="2025-02-10T23:26:23.998482" elapsed="0.001827"/>
</kw>
<status status="PASS" start="2025-02-10T23:26:23.607595" elapsed="0.393265"/>
</test>
<test id="s1-t2" name="Cenario 02: Cadastrar um usuario ja existente" line="13">
<kw name="Criar um usuario novo" owner="api_testing_usuarios">
<kw name="Generate Random String" owner="String">
<msg time="2025-02-10T23:26:24.003708" level="INFO">${palavra_aleatoria} = OGPt</msg>
<var>${palavra_aleatoria}</var>
<arg>length=4</arg>
<arg>chars=[LETTERS]</arg>
<doc>Generates a string with a desired ``length`` from the given ``chars``.</doc>
<status status="PASS" start="2025-02-10T23:26:24.003376" elapsed="0.000377"/>
</kw>
<kw name="Convert To Lower Case" owner="String">
<msg time="2025-02-10T23:26:24.004097" level="INFO">${palavra_aleatoria} = ogpt</msg>
<var>${palavra_aleatoria}</var>
<arg>${palavra_aleatoria}</arg>
<doc>Converts string to lower case.</doc>
<status status="PASS" start="2025-02-10T23:26:24.003902" elapsed="0.000231"/>
</kw>
<kw name="Set Test Variable" owner="BuiltIn">
<msg time="2025-02-10T23:26:24.005102" level="INFO">${EMAIL_TESTE} = ogpt@emailteste.com</msg>
<arg>${EMAIL_TESTE}</arg>
<arg>${palavra_aleatoria}@emailteste.com</arg>
<doc>Makes a variable available everywhere within the scope of the current test.</doc>
<status status="PASS" start="2025-02-10T23:26:24.004265" elapsed="0.000900"/>
</kw>
<kw name="Log" owner="BuiltIn">
<msg time="2025-02-10T23:26:24.005472" level="INFO">ogpt@emailteste.com</msg>
<arg>${EMAIL_TESTE}</arg>
<doc>Logs the given message with the given level.</doc>
<status status="PASS" start="2025-02-10T23:26:24.005309" elapsed="0.000220"/>
</kw>
<status status="PASS" start="2025-02-10T23:26:24.003051" elapsed="0.002550"/>
</kw>
<kw name="Cadastrar o usuario criado na ServeRest" owner="api_testing_usuarios">
<kw name="Create Dictionary" owner="BuiltIn">
<msg time="2025-02-10T23:26:24.006966" level="INFO">${body} = {'nome': 'Fulano da Silva', 'email': 'ogpt@emailteste.com', 'password': '1234', 'administrador': 'true'}</msg>
<var>${body}</var>
<arg>nome=Fulano da Silva</arg>
<arg>email=${email}</arg>
<arg>password=1234</arg>
<arg>administrador=true</arg>
<doc>Creates and returns a dictionary based on the given ``items``.</doc>
<status status="PASS" start="2025-02-10T23:26:24.006678" elapsed="0.000328"/>
</kw>
<kw name="Log" owner="BuiltIn">
<msg time="2025-02-10T23:26:24.007298" level="INFO">{'nome': 'Fulano da Silva', 'email': 'ogpt@emailteste.com', 'password': '1234', 'administrador': 'true'}</msg>
<arg>${body}</arg>
<doc>Logs the given message with the given level.</doc>
<status status="PASS" start="2025-02-10T23:26:24.007149" elapsed="0.000203"/>
</kw>
<kw name="Criar Sessao na ServeRest" owner="api_testing_usuarios">
<kw name="Create Dictionary" owner="BuiltIn">
<msg time="2025-02-10T23:26:24.007978" level="INFO">${headers} = {'accept': 'application/json', 'Content-Type': 'application/json'}</msg>
<var>${headers}</var>
<arg>accept=application/json</arg>
<arg>Content-Type=application/json</arg>
<doc>Creates and returns a dictionary based on the given ``items``.</doc>
<status status="PASS" start="2025-02-10T23:26:24.007782" elapsed="0.000232"/>
</kw>
<kw name="Create Session" owner="RequestsLibrary">
<msg time="2025-02-10T23:26:24.008355" level="INFO">Creating Session using : alias=ServeRest, url=https://serverest.dev/#/, headers={'accept': 'application/json', 'Content-Type': 'application/json'},                     cookies={}, auth=None, timeout=None, proxies=None, verify=False,                     debug=0 </msg>
<arg>alias=ServeRest</arg>
<arg>url=https://serverest.dev/#/</arg>
<arg>headers=${headers}</arg>
<doc>Create Session: create a HTTP session to a server</doc>
<status status="PASS" start="2025-02-10T23:26:24.008133" elapsed="0.000417"/>
</kw>
<status status="PASS" start="2025-02-10T23:26:24.007499" elapsed="0.001127"/>
</kw>
<kw name="POST On Session" owner="RequestsLibrary">
<msg time="2025-02-10T23:26:24.364666" level="INFO">POST Request : url=https://serverest.dev/usuarios 
 path_url=/usuarios 
 headers={'User-Agent': 'python-requests/2.32.3', 'Accept-Encoding': 'gzip, deflate', 'accept': 'application/json', 'Connection': 'keep-alive', 'Content-Type': 'application/json', 'Content-Length': '104'} 
 body=b'{"nome": "Fulano da Silva", "email": "ogpt@emailteste.com", "password": "1234", "administrador": "true"}' 
 </msg>
<msg time="2025-02-10T23:26:24.364821" level="INFO">POST Response : url=https://serverest.dev/usuarios 
 status=201, reason=Created 
 headers={'access-control-allow-origin': '*', 'x-dns-prefetch-control': 'off', 'x-frame-options': 'SAMEORIGIN', 'strict-transport-security': 'max-age=15552000; includeSubDomains', 'x-download-options': 'noopen', 'x-content-type-options': 'nosniff', 'x-xss-protection': '1; mode=block', 'content-type': 'application/json; charset=utf-8', 'X-Cloud-Trace-Context': '4a5c453f21204cc635e532a4773f856d', 'Date': 'Tue, 11 Feb 2025 02:26:38 GMT', 'Server': 'Google Frontend', 'Content-Length': '82'} 
 body={
    "message": "Cadastro realizado com sucesso",
    "_id": "Xwni11Q6p00qmY9S"
} 
 </msg>
<msg time="2025-02-10T23:26:24.364972" level="INFO">C:\Users\ozeia\AppData\Local\Programs\Python\Python313\Lib\site-packages\urllib3\connectionpool.py:1097: InsecureRequestWarning: Unverified HTTPS request is being made to host 'serverest.dev'. Adding certificate verification is strongly advised. See: https://urllib3.readthedocs.io/en/latest/advanced-usage.html#tls-warnings
  warnings.warn(</msg>
<msg time="2025-02-10T23:26:24.365322" level="INFO">${resposta} = &lt;Response [201]&gt;</msg>
<var>${resposta}</var>
<arg>alias=ServeRest</arg>
<arg>url=/usuarios</arg>
<arg>json=${body}</arg>
<arg>expected_status=${status_code_esperado}</arg>
<doc>Sends a POST request on a previously created HTTP Session.</doc>
<status status="PASS" start="2025-02-10T23:26:24.008725" elapsed="0.356647"/>
</kw>
<kw name="Log" owner="BuiltIn">
<msg time="2025-02-10T23:26:24.366367" level="INFO">{'message': 'Cadastro realizado com sucesso', '_id': 'Xwni11Q6p00qmY9S'}</msg>
<arg>${resposta.json()}</arg>
<doc>Logs the given message with the given level.</doc>
<status status="PASS" start="2025-02-10T23:26:24.365611" elapsed="0.000830"/>
</kw>
<if>
<branch type="IF" condition="${resposta.status_code} == 201">
<kw name="Set Test Variable" owner="BuiltIn">
<msg time="2025-02-10T23:26:24.368690" level="INFO">${ID_USUARIO} = Xwni11Q6p00qmY9S</msg>
<arg>${ID_USUARIO}</arg>
<arg>${resposta.json()["_id"]}</arg>
<doc>Makes a variable available everywhere within the scope of the current test.</doc>
<status status="PASS" start="2025-02-10T23:26:24.367376" elapsed="0.001388"/>
</kw>
<status status="PASS" start="2025-02-10T23:26:24.366591" elapsed="0.002238"/>
</branch>
<status status="PASS" start="2025-02-10T23:26:24.366545" elapsed="0.002343"/>
</if>
<kw name="Set Test Variable" owner="BuiltIn">
<msg time="2025-02-10T23:26:24.369841" level="INFO">${RESPOSTA} = {'message': 'Cadastro realizado com sucesso', '_id': 'Xwni11Q6p00qmY9S'}</msg>
<arg>${RESPOSTA}</arg>
<arg>${resposta.json()}</arg>
<doc>Makes a variable available everywhere within the scope of the current test.</doc>
<status status="PASS" start="2025-02-10T23:26:24.369058" elapsed="0.000864"/>
</kw>
<arg>email=${EMAIL_TESTE}</arg>
<arg>status_code_esperado=201</arg>
<status status="PASS" start="2025-02-10T23:26:24.006229" elapsed="0.363813"/>
</kw>
<kw name="Vou repetir o cadastro do usuario" owner="api_testing_usuarios">
<kw name="Cadastrar o usuario criado na ServeRest" owner="api_testing_usuarios">
<kw name="Create Dictionary" owner="BuiltIn">
<msg time="2025-02-10T23:26:24.372787" level="INFO">${body} = {'nome': 'Fulano da Silva', 'email': 'ogpt@emailteste.com', 'password': '1234', 'administrador': 'true'}</msg>
<var>${body}</var>
<arg>nome=Fulano da Silva</arg>
<arg>email=${email}</arg>
<arg>password=1234</arg>
<arg>administrador=true</arg>
<doc>Creates and returns a dictionary based on the given ``items``.</doc>
<status status="PASS" start="2025-02-10T23:26:24.371936" elapsed="0.000894"/>
</kw>
<kw name="Log" owner="BuiltIn">
<msg time="2025-02-10T23:26:24.373152" level="INFO">{'nome': 'Fulano da Silva', 'email': 'ogpt@emailteste.com', 'password': '1234', 'administrador': 'true'}</msg>
<arg>${body}</arg>
<doc>Logs the given message with the given level.</doc>
<status status="PASS" start="2025-02-10T23:26:24.372988" elapsed="0.000217"/>
</kw>
<kw name="Criar Sessao na ServeRest" owner="api_testing_usuarios">
<kw name="Create Dictionary" owner="BuiltIn">
<msg time="2025-02-10T23:26:24.373814" level="INFO">${headers} = {'accept': 'application/json', 'Content-Type': 'application/json'}</msg>
<var>${headers}</var>
<arg>accept=application/json</arg>
<arg>Content-Type=application/json</arg>
<doc>Creates and returns a dictionary based on the given ``items``.</doc>
<status status="PASS" start="2025-02-10T23:26:24.373631" elapsed="0.000213"/>
</kw>
<kw name="Create Session" owner="RequestsLibrary">
<msg time="2025-02-10T23:26:24.374170" level="INFO">Creating Session using : alias=ServeRest, url=https://serverest.dev/#/, headers={'accept': 'application/json', 'Content-Type': 'application/json'},                     cookies={}, auth=None, timeout=None, proxies=None, verify=False,                     debug=0 </msg>
<arg>alias=ServeRest</arg>
<arg>url=https://serverest.dev/#/</arg>
<arg>headers=${headers}</arg>
<doc>Create Session: create a HTTP session to a server</doc>
<status status="PASS" start="2025-02-10T23:26:24.373957" elapsed="0.000359"/>
</kw>
<status status="PASS" start="2025-02-10T23:26:24.373354" elapsed="0.001027"/>
</kw>
<kw name="POST On Session" owner="RequestsLibrary">
<msg time="2025-02-10T23:26:24.721025" level="INFO">POST Request : url=https://serverest.dev/usuarios 
 path_url=/usuarios 
 headers={'User-Agent': 'python-requests/2.32.3', 'Accept-Encoding': 'gzip, deflate', 'accept': 'application/json', 'Connection': 'keep-alive', 'Content-Type': 'application/json', 'Content-Length': '104'} 
 body=b'{"nome": "Fulano da Silva", "email": "ogpt@emailteste.com", "password": "1234", "administrador": "true"}' 
 </msg>
<msg time="2025-02-10T23:26:24.721185" level="INFO">POST Response : url=https://serverest.dev/usuarios 
 status=400, reason=Bad Request 
 headers={'access-control-allow-origin': '*', 'x-dns-prefetch-control': 'off', 'x-frame-options': 'SAMEORIGIN', 'strict-transport-security': 'max-age=15552000; includeSubDomains', 'x-download-options': 'noopen', 'x-content-type-options': 'nosniff', 'x-xss-protection': '1; mode=block', 'content-type': 'application/json; charset=utf-8', 'X-Cloud-Trace-Context': '0c37d18fbda9642f948fb4756d4c365e', 'Date': 'Tue, 11 Feb 2025 02:26:38 GMT', 'Server': 'Google Frontend', 'Content-Length': '53'} 
 body={
    "message": "Este email já está sendo usado"
} 
 </msg>
<msg time="2025-02-10T23:26:24.721331" level="INFO">C:\Users\ozeia\AppData\Local\Programs\Python\Python313\Lib\site-packages\urllib3\connectionpool.py:1097: InsecureRequestWarning: Unverified HTTPS request is being made to host 'serverest.dev'. Adding certificate verification is strongly advised. See: https://urllib3.readthedocs.io/en/latest/advanced-usage.html#tls-warnings
  warnings.warn(</msg>
<msg time="2025-02-10T23:26:24.721970" level="INFO">${resposta} = &lt;Response [400]&gt;</msg>
<var>${resposta}</var>
<arg>alias=ServeRest</arg>
<arg>url=/usuarios</arg>
<arg>json=${body}</arg>
<arg>expected_status=${status_code_esperado}</arg>
<doc>Sends a POST request on a previously created HTTP Session.</doc>
<status status="PASS" start="2025-02-10T23:26:24.374474" elapsed="0.347590"/>
</kw>
<kw name="Log" owner="BuiltIn">
<msg time="2025-02-10T23:26:24.723263" level="INFO">{'message': 'Este email já está sendo usado'}</msg>
<arg>${resposta.json()}</arg>
<doc>Logs the given message with the given level.</doc>
<status status="PASS" start="2025-02-10T23:26:24.722360" elapsed="0.000995"/>
</kw>
<if>
<branch type="IF" condition="${resposta.status_code} == 201">
<kw name="Set Test Variable" owner="BuiltIn">
<arg>${ID_USUARIO}</arg>
<arg>${resposta.json()["_id"]}</arg>
<doc>Makes a variable available everywhere within the scope of the current test.</doc>
<status status="NOT RUN" start="2025-02-10T23:26:24.724419" elapsed="0.000040"/>
</kw>
<status status="NOT RUN" start="2025-02-10T23:26:24.723546" elapsed="0.000981"/>
</branch>
<status status="PASS" start="2025-02-10T23:26:24.723499" elapsed="0.001080"/>
</if>
<kw name="Set Test Variable" owner="BuiltIn">
<msg time="2025-02-10T23:26:24.725625" level="INFO">${RESPOSTA} = {'message': 'Este email já está sendo usado'}</msg>
<arg>${RESPOSTA}</arg>
<arg>${resposta.json()}</arg>
<doc>Makes a variable available everywhere within the scope of the current test.</doc>
<status status="PASS" start="2025-02-10T23:26:24.724734" elapsed="0.000984"/>
</kw>
<arg>email=${EMAIL_TESTE}</arg>
<arg>status_code_esperado=400</arg>
<status status="PASS" start="2025-02-10T23:26:24.371258" elapsed="0.354572"/>
</kw>
<status status="PASS" start="2025-02-10T23:26:24.370720" elapsed="0.355192"/>
</kw>
<kw name="Verificar se a API nao permitiu o cadastro repetido" owner="api_testing_usuarios">
<kw name="Dictionary Should Contain Item" owner="Collections">
<arg>${RESPOSTA}</arg>
<arg>message</arg>
<arg>Este email já está sendo usado</arg>
<doc>An item of ``key`` / ``value`` must be found in a ``dictionary``.</doc>
<status status="PASS" start="2025-02-10T23:26:24.727130" elapsed="0.000290"/>
</kw>
<status status="PASS" start="2025-02-10T23:26:24.726646" elapsed="0.000893"/>
</kw>
<status status="PASS" start="2025-02-10T23:26:24.002262" elapsed="0.725856"/>
</test>
<test id="s1-t3" name="Cenario 03: Consultar os dados de um novo usuario" line="19">
<kw name="Criar um usuario novo" owner="api_testing_usuarios">
<kw name="Generate Random String" owner="String">
<msg time="2025-02-10T23:26:24.730731" level="INFO">${palavra_aleatoria} = unOL</msg>
<var>${palavra_aleatoria}</var>
<arg>length=4</arg>
<arg>chars=[LETTERS]</arg>
<doc>Generates a string with a desired ``length`` from the given ``chars``.</doc>
<status status="PASS" start="2025-02-10T23:26:24.730582" elapsed="0.000168"/>
</kw>
<kw name="Convert To Lower Case" owner="String">
<msg time="2025-02-10T23:26:24.730894" level="INFO">${palavra_aleatoria} = unol</msg>
<var>${palavra_aleatoria}</var>
<arg>${palavra_aleatoria}</arg>
<doc>Converts string to lower case.</doc>
<status status="PASS" start="2025-02-10T23:26:24.730812" elapsed="0.000097"/>
</kw>
<kw name="Set Test Variable" owner="BuiltIn">
<msg time="2025-02-10T23:26:24.731315" level="INFO">${EMAIL_TESTE} = unol@emailteste.com</msg>
<arg>${EMAIL_TESTE}</arg>
<arg>${palavra_aleatoria}@emailteste.com</arg>
<doc>Makes a variable available everywhere within the scope of the current test.</doc>
<status status="PASS" start="2025-02-10T23:26:24.730966" elapsed="0.000373"/>
</kw>
<kw name="Log" owner="BuiltIn">
<msg time="2025-02-10T23:26:24.731462" level="INFO">unol@emailteste.com</msg>
<arg>${EMAIL_TESTE}</arg>
<doc>Logs the given message with the given level.</doc>
<status status="PASS" start="2025-02-10T23:26:24.731394" elapsed="0.000094"/>
</kw>
<status status="PASS" start="2025-02-10T23:26:24.730428" elapsed="0.001090"/>
</kw>
<kw name="Cadastrar o usuario criado na ServeRest" owner="api_testing_usuarios">
<kw name="Create Dictionary" owner="BuiltIn">
<msg time="2025-02-10T23:26:24.732453" level="INFO">${body} = {'nome': 'Fulano da Silva', 'email': 'unol@emailteste.com', 'password': '1234', 'administrador': 'true'}</msg>
<var>${body}</var>
<arg>nome=Fulano da Silva</arg>
<arg>email=${email}</arg>
<arg>password=1234</arg>
<arg>administrador=true</arg>
<doc>Creates and returns a dictionary based on the given ``items``.</doc>
<status status="PASS" start="2025-02-10T23:26:24.732151" elapsed="0.000357"/>
</kw>
<kw name="Log" owner="BuiltIn">
<msg time="2025-02-10T23:26:24.733223" level="INFO">{'nome': 'Fulano da Silva', 'email': 'unol@emailteste.com', 'password': '1234', 'administrador': 'true'}</msg>
<arg>${body}</arg>
<doc>Logs the given message with the given level.</doc>
<status status="PASS" start="2025-02-10T23:26:24.732948" elapsed="0.000359"/>
</kw>
<kw name="Criar Sessao na ServeRest" owner="api_testing_usuarios">
<kw name="Create Dictionary" owner="BuiltIn">
<msg time="2025-02-10T23:26:24.734243" level="INFO">${headers} = {'accept': 'application/json', 'Content-Type': 'application/json'}</msg>
<var>${headers}</var>
<arg>accept=application/json</arg>
<arg>Content-Type=application/json</arg>
<doc>Creates and returns a dictionary based on the given ``items``.</doc>
<status status="PASS" start="2025-02-10T23:26:24.733963" elapsed="0.000328"/>
</kw>
<kw name="Create Session" owner="RequestsLibrary">
<msg time="2025-02-10T23:26:24.734776" level="INFO">Creating Session using : alias=ServeRest, url=https://serverest.dev/#/, headers={'accept': 'application/json', 'Content-Type': 'application/json'},                     cookies={}, auth=None, timeout=None, proxies=None, verify=False,                     debug=0 </msg>
<arg>alias=ServeRest</arg>
<arg>url=https://serverest.dev/#/</arg>
<arg>headers=${headers}</arg>
<doc>Create Session: create a HTTP session to a server</doc>
<status status="PASS" start="2025-02-10T23:26:24.734467" elapsed="0.000559"/>
</kw>
<status status="PASS" start="2025-02-10T23:26:24.733563" elapsed="0.001583"/>
</kw>
<kw name="POST On Session" owner="RequestsLibrary">
<msg time="2025-02-10T23:26:25.093077" level="INFO">POST Request : url=https://serverest.dev/usuarios 
 path_url=/usuarios 
 headers={'User-Agent': 'python-requests/2.32.3', 'Accept-Encoding': 'gzip, deflate', 'accept': 'application/json', 'Connection': 'keep-alive', 'Content-Type': 'application/json', 'Content-Length': '104'} 
 body=b'{"nome": "Fulano da Silva", "email": "unol@emailteste.com", "password": "1234", "administrador": "true"}' 
 </msg>
<msg time="2025-02-10T23:26:25.093134" level="INFO">POST Response : url=https://serverest.dev/usuarios 
 status=201, reason=Created 
 headers={'access-control-allow-origin': '*', 'x-dns-prefetch-control': 'off', 'x-frame-options': 'SAMEORIGIN', 'strict-transport-security': 'max-age=15552000; includeSubDomains', 'x-download-options': 'noopen', 'x-content-type-options': 'nosniff', 'x-xss-protection': '1; mode=block', 'content-type': 'application/json; charset=utf-8', 'X-Cloud-Trace-Context': '9d5c4ae38622c471cba25ad613101563', 'Date': 'Tue, 11 Feb 2025 02:26:38 GMT', 'Server': 'Google Frontend', 'Content-Length': '82'} 
 body={
    "message": "Cadastro realizado com sucesso",
    "_id": "N7RjJQSL7HplzVOf"
} 
 </msg>
<msg time="2025-02-10T23:26:25.093182" level="INFO">C:\Users\ozeia\AppData\Local\Programs\Python\Python313\Lib\site-packages\urllib3\connectionpool.py:1097: InsecureRequestWarning: Unverified HTTPS request is being made to host 'serverest.dev'. Adding certificate verification is strongly advised. See: https://urllib3.readthedocs.io/en/latest/advanced-usage.html#tls-warnings
  warnings.warn(</msg>
<msg time="2025-02-10T23:26:25.093457" level="INFO">${resposta} = &lt;Response [201]&gt;</msg>
<var>${resposta}</var>
<arg>alias=ServeRest</arg>
<arg>url=/usuarios</arg>
<arg>json=${body}</arg>
<arg>expected_status=${status_code_esperado}</arg>
<doc>Sends a POST request on a previously created HTTP Session.</doc>
<status status="PASS" start="2025-02-10T23:26:24.735303" elapsed="0.358177"/>
</kw>
<kw name="Log" owner="BuiltIn">
<msg time="2025-02-10T23:26:25.093839" level="INFO">{'message': 'Cadastro realizado com sucesso', '_id': 'N7RjJQSL7HplzVOf'}</msg>
<arg>${resposta.json()}</arg>
<doc>Logs the given message with the given level.</doc>
<status status="PASS" start="2025-02-10T23:26:25.093576" elapsed="0.000288"/>
</kw>
<if>
<branch type="IF" condition="${resposta.status_code} == 201">
<kw name="Set Test Variable" owner="BuiltIn">
<msg time="2025-02-10T23:26:25.094590" level="INFO">${ID_USUARIO} = N7RjJQSL7HplzVOf</msg>
<arg>${ID_USUARIO}</arg>
<arg>${resposta.json()["_id"]}</arg>
<doc>Makes a variable available everywhere within the scope of the current test.</doc>
<status status="PASS" start="2025-02-10T23:26:25.094167" elapsed="0.000448"/>
</kw>
<status status="PASS" start="2025-02-10T23:26:25.093914" elapsed="0.000722"/>
</branch>
<status status="PASS" start="2025-02-10T23:26:25.093899" elapsed="0.000754"/>
</if>
<kw name="Set Test Variable" owner="BuiltIn">
<msg time="2025-02-10T23:26:25.094942" level="INFO">${RESPOSTA} = {'message': 'Cadastro realizado com sucesso', '_id': 'N7RjJQSL7HplzVOf'}</msg>
<arg>${RESPOSTA}</arg>
<arg>${resposta.json()}</arg>
<doc>Makes a variable available everywhere within the scope of the current test.</doc>
<status status="PASS" start="2025-02-10T23:26:25.094704" elapsed="0.000261"/>
</kw>
<arg>email=${EMAIL_TESTE}</arg>
<arg>status_code_esperado=201</arg>
<status status="PASS" start="2025-02-10T23:26:24.731941" elapsed="0.363061"/>
</kw>
<kw name="Consultar os dados do novo usuario" owner="api_testing_usuarios">
<kw name="GET On Session" owner="RequestsLibrary">
<msg time="2025-02-10T23:26:25.264624" level="INFO">GET Request : url=https://serverest.dev/usuarios/N7RjJQSL7HplzVOf 
 path_url=/usuarios/N7RjJQSL7HplzVOf 
 headers={'User-Agent': 'python-requests/2.32.3', 'Accept-Encoding': 'gzip, deflate', 'accept': 'application/json', 'Connection': 'keep-alive', 'Content-Type': 'application/json'} 
 body=None 
 </msg>
<msg time="2025-02-10T23:26:25.264736" level="INFO">GET Response : url=https://serverest.dev/usuarios/N7RjJQSL7HplzVOf 
 status=200, reason=OK 
 headers={'access-control-allow-origin': '*', 'x-dns-prefetch-control': 'off', 'x-frame-options': 'SAMEORIGIN', 'strict-transport-security': 'max-age=15552000; includeSubDomains', 'x-download-options': 'noopen', 'x-content-type-options': 'nosniff', 'x-xss-protection': '1; mode=block', 'content-type': 'application/json; charset=utf-8', 'X-Cloud-Trace-Context': '7273b744a5e20e7334a82961fdbfb11d', 'Date': 'Tue, 11 Feb 2025 02:26:39 GMT', 'Server': 'Google Frontend', 'Content-Length': '153'} 
 body={
    "nome": "Fulano da Silva",
    "email": "unol@emailteste.com",
    "password": "1234",
    "administrador": "true",
    "_id": "N7RjJQSL7HplzVOf"
} 
 </msg>
<msg time="2025-02-10T23:26:25.264822" level="INFO">C:\Users\ozeia\AppData\Local\Programs\Python\Python313\Lib\site-packages\urllib3\connectionpool.py:1097: InsecureRequestWarning: Unverified HTTPS request is being made to host 'serverest.dev'. Adding certificate verification is strongly advised. See: https://urllib3.readthedocs.io/en/latest/advanced-usage.html#tls-warnings
  warnings.warn(</msg>
<msg time="2025-02-10T23:26:25.265121" level="INFO">${resposta_consulta} = &lt;Response [200]&gt;</msg>
<var>${resposta_consulta}</var>
<arg>alias=ServeRest</arg>
<arg>url=/usuarios/${ID_USUARIO}</arg>
<arg>expected_status=200</arg>
<doc>Sends a GET request on a previously created HTTP Session.</doc>
<status status="PASS" start="2025-02-10T23:26:25.095802" elapsed="0.169348"/>
</kw>
<kw name="Log" owner="BuiltIn">
<msg time="2025-02-10T23:26:25.265693" level="INFO">200</msg>
<arg>${resposta_consulta.status_code}</arg>
<doc>Logs the given message with the given level.</doc>
<status status="PASS" start="2025-02-10T23:26:25.265295" elapsed="0.000440"/>
</kw>
<kw name="Log" owner="BuiltIn">
<msg time="2025-02-10T23:26:25.266169" level="INFO">OK</msg>
<arg>${resposta_consulta.reason}</arg>
<doc>Logs the given message with the given level.</doc>
<status status="PASS" start="2025-02-10T23:26:25.265833" elapsed="0.000378"/>
</kw>
<kw name="Log" owner="BuiltIn">
<msg time="2025-02-10T23:26:25.266677" level="INFO">{'access-control-allow-origin': '*', 'x-dns-prefetch-control': 'off', 'x-frame-options': 'SAMEORIGIN', 'strict-transport-security': 'max-age=15552000; includeSubDomains', 'x-download-options': 'noopen', 'x-content-type-options': 'nosniff', 'x-xss-protection': '1; mode=block', 'content-type': 'application/json; charset=utf-8', 'X-Cloud-Trace-Context': '7273b744a5e20e7334a82961fdbfb11d', 'Date': 'Tue, 11 Feb 2025 02:26:39 GMT', 'Server': 'Google Frontend', 'Content-Length': '153'}</msg>
<arg>${resposta_consulta.headers}</arg>
<doc>Logs the given message with the given level.</doc>
<status status="PASS" start="2025-02-10T23:26:25.266312" elapsed="0.000500"/>
</kw>
<kw name="Log" owner="BuiltIn">
<msg time="2025-02-10T23:26:25.267301" level="INFO">0:00:00.168111</msg>
<arg>${resposta_consulta.elapsed}</arg>
<doc>Logs the given message with the given level.</doc>
<status status="PASS" start="2025-02-10T23:26:25.266924" elapsed="0.000421"/>
</kw>
<kw name="Log" owner="BuiltIn">
<msg time="2025-02-10T23:26:25.267848" level="INFO">{
    "nome": "Fulano da Silva",
    "email": "unol@emailteste.com",
    "password": "1234",
    "administrador": "true",
    "_id": "N7RjJQSL7HplzVOf"
}</msg>
<arg>${resposta_consulta.text}</arg>
<doc>Logs the given message with the given level.</doc>
<status status="PASS" start="2025-02-10T23:26:25.267444" elapsed="0.000454"/>
</kw>
<kw name="Log" owner="BuiltIn">
<msg time="2025-02-10T23:26:25.268377" level="INFO">{'nome': 'Fulano da Silva', 'email': 'unol@emailteste.com', 'password': '1234', 'administrador': 'true', '_id': 'N7RjJQSL7HplzVOf'}</msg>
<arg>${resposta_consulta.json()}</arg>
<doc>Logs the given message with the given level.</doc>
<status status="PASS" start="2025-02-10T23:26:25.267998" elapsed="0.000430"/>
</kw>
<kw name="Set Test Variable" owner="BuiltIn">
<msg time="2025-02-10T23:26:25.269656" level="INFO">${RESP_CONSULTA} = {'nome': 'Fulano da Silva', 'email': 'unol@emailteste.com', 'password': '1234', 'administrador': 'true', '_id': 'N7RjJQSL7HplzVOf'}</msg>
<arg>${RESP_CONSULTA}</arg>
<arg>${resposta_consulta.json()}</arg>
<doc>Makes a variable available everywhere within the scope of the current test.</doc>
<status status="PASS" start="2025-02-10T23:26:25.268554" elapsed="0.001156"/>
</kw>
<status status="PASS" start="2025-02-10T23:26:25.095456" elapsed="0.174337"/>
</kw>
<kw name="Conferir os dados retornados" owner="api_testing_usuarios">
<kw name="Log" owner="BuiltIn">
<msg time="2025-02-10T23:26:25.270738" level="INFO">{'nome': 'Fulano da Silva', 'email': 'unol@emailteste.com', 'password': '1234', 'administrador': 'true', '_id': 'N7RjJQSL7HplzVOf'}</msg>
<arg>${RESP_CONSULTA}</arg>
<doc>Logs the given message with the given level.</doc>
<status status="PASS" start="2025-02-10T23:26:25.270484" elapsed="0.000322"/>
</kw>
<kw name="Dictionary Should Contain Item" owner="Collections">
<arg>${RESP_CONSULTA}</arg>
<arg>nome</arg>
<arg>Fulano da Silva</arg>
<doc>An item of ``key`` / ``value`` must be found in a ``dictionary``.</doc>
<status status="PASS" start="2025-02-10T23:26:25.270931" elapsed="0.000176"/>
</kw>
<kw name="Dictionary Should Contain Item" owner="Collections">
<arg>${RESP_CONSULTA}</arg>
<arg>email</arg>
<arg>${EMAIL_TESTE}</arg>
<doc>An item of ``key`` / ``value`` must be found in a ``dictionary``.</doc>
<status status="PASS" start="2025-02-10T23:26:25.271221" elapsed="0.000131"/>
</kw>
<kw name="Dictionary Should Contain Item" owner="Collections">
<arg>${RESP_CONSULTA}</arg>
<arg>password</arg>
<arg>1234</arg>
<doc>An item of ``key`` / ``value`` must be found in a ``dictionary``.</doc>
<status status="PASS" start="2025-02-10T23:26:25.271429" elapsed="0.000106"/>
</kw>
<kw name="Dictionary Should Contain Item" owner="Collections">
<arg>${RESP_CONSULTA}</arg>
<arg>administrador</arg>
<arg>true</arg>
<doc>An item of ``key`` / ``value`` must be found in a ``dictionary``.</doc>
<status status="PASS" start="2025-02-10T23:26:25.271607" elapsed="0.000102"/>
</kw>
<kw name="Dictionary Should Contain Item" owner="Collections">
<arg>${RESP_CONSULTA}</arg>
<arg>_id</arg>
<arg>${ID_USUARIO}</arg>
<doc>An item of ``key`` / ``value`` must be found in a ``dictionary``.</doc>
<status status="PASS" start="2025-02-10T23:26:25.271782" elapsed="0.000122"/>
</kw>
<status status="PASS" start="2025-02-10T23:26:25.270144" elapsed="0.001809"/>
</kw>
<status status="PASS" start="2025-02-10T23:26:24.729857" elapsed="0.542254"/>
</test>
<test id="s1-t4" name="Cenário 04: Logar com o novo usuário criado" line="25">
<kw name="Criar um usuario novo" owner="api_testing_usuarios">
<kw name="Generate Random String" owner="String">
<msg time="2025-02-10T23:26:25.273040" level="INFO">${palavra_aleatoria} = RMwb</msg>
<var>${palavra_aleatoria}</var>
<arg>length=4</arg>
<arg>chars=[LETTERS]</arg>
<doc>Generates a string with a desired ``length`` from the given ``chars``.</doc>
<status status="PASS" start="2025-02-10T23:26:25.272859" elapsed="0.000205"/>
</kw>
<kw name="Convert To Lower Case" owner="String">
<msg time="2025-02-10T23:26:25.273246" level="INFO">${palavra_aleatoria} = rmwb</msg>
<var>${palavra_aleatoria}</var>
<arg>${palavra_aleatoria}</arg>
<doc>Converts string to lower case.</doc>
<status status="PASS" start="2025-02-10T23:26:25.273141" elapsed="0.000123"/>
</kw>
<kw name="Set Test Variable" owner="BuiltIn">
<msg time="2025-02-10T23:26:25.273806" level="INFO">${EMAIL_TESTE} = rmwb@emailteste.com</msg>
<arg>${EMAIL_TESTE}</arg>
<arg>${palavra_aleatoria}@emailteste.com</arg>
<doc>Makes a variable available everywhere within the scope of the current test.</doc>
<status status="PASS" start="2025-02-10T23:26:25.273345" elapsed="0.000498"/>
</kw>
<kw name="Log" owner="BuiltIn">
<msg time="2025-02-10T23:26:25.274024" level="INFO">rmwb@emailteste.com</msg>
<arg>${EMAIL_TESTE}</arg>
<doc>Logs the given message with the given level.</doc>
<status status="PASS" start="2025-02-10T23:26:25.273925" elapsed="0.000134"/>
</kw>
<status status="PASS" start="2025-02-10T23:26:25.272690" elapsed="0.001413"/>
</kw>
<kw name="Cadastrar o usuario criado na ServeRest" owner="api_testing_usuarios">
<kw name="Create Dictionary" owner="BuiltIn">
<msg time="2025-02-10T23:26:25.274770" level="INFO">${body} = {'nome': 'Fulano da Silva', 'email': 'rmwb@emailteste.com', 'password': '1234', 'administrador': 'true'}</msg>
<var>${body}</var>
<arg>nome=Fulano da Silva</arg>
<arg>email=${email}</arg>
<arg>password=1234</arg>
<arg>administrador=true</arg>
<doc>Creates and returns a dictionary based on the given ``items``.</doc>
<status status="PASS" start="2025-02-10T23:26:25.274592" elapsed="0.000200"/>
</kw>
<kw name="Log" owner="BuiltIn">
<msg time="2025-02-10T23:26:25.274961" level="INFO">{'nome': 'Fulano da Silva', 'email': 'rmwb@emailteste.com', 'password': '1234', 'administrador': 'true'}</msg>
<arg>${body}</arg>
<doc>Logs the given message with the given level.</doc>
<status status="PASS" start="2025-02-10T23:26:25.274873" elapsed="0.000121"/>
</kw>
<kw name="Criar Sessao na ServeRest" owner="api_testing_usuarios">
<kw name="Create Dictionary" owner="BuiltIn">
<msg time="2025-02-10T23:26:25.275381" level="INFO">${headers} = {'accept': 'application/json', 'Content-Type': 'application/json'}</msg>
<var>${headers}</var>
<arg>accept=application/json</arg>
<arg>Content-Type=application/json</arg>
<doc>Creates and returns a dictionary based on the given ``items``.</doc>
<status status="PASS" start="2025-02-10T23:26:25.275257" elapsed="0.000142"/>
</kw>
<kw name="Create Session" owner="RequestsLibrary">
<msg time="2025-02-10T23:26:25.275596" level="INFO">Creating Session using : alias=ServeRest, url=https://serverest.dev/#/, headers={'accept': 'application/json', 'Content-Type': 'application/json'},                     cookies={}, auth=None, timeout=None, proxies=None, verify=False,                     debug=0 </msg>
<arg>alias=ServeRest</arg>
<arg>url=https://serverest.dev/#/</arg>
<arg>headers=${headers}</arg>
<doc>Create Session: create a HTTP session to a server</doc>
<status status="PASS" start="2025-02-10T23:26:25.275470" elapsed="0.000235"/>
</kw>
<status status="PASS" start="2025-02-10T23:26:25.275086" elapsed="0.000661"/>
</kw>
<kw name="POST On Session" owner="RequestsLibrary">
<msg time="2025-02-10T23:26:25.668765" level="INFO">POST Request : url=https://serverest.dev/usuarios 
 path_url=/usuarios 
 headers={'User-Agent': 'python-requests/2.32.3', 'Accept-Encoding': 'gzip, deflate', 'accept': 'application/json', 'Connection': 'keep-alive', 'Content-Type': 'application/json', 'Content-Length': '104'} 
 body=b'{"nome": "Fulano da Silva", "email": "rmwb@emailteste.com", "password": "1234", "administrador": "true"}' 
 </msg>
<msg time="2025-02-10T23:26:25.669013" level="INFO">POST Response : url=https://serverest.dev/usuarios 
 status=201, reason=Created 
 headers={'access-control-allow-origin': '*', 'x-dns-prefetch-control': 'off', 'x-frame-options': 'SAMEORIGIN', 'strict-transport-security': 'max-age=15552000; includeSubDomains', 'x-download-options': 'noopen', 'x-content-type-options': 'nosniff', 'x-xss-protection': '1; mode=block', 'content-type': 'application/json; charset=utf-8', 'X-Cloud-Trace-Context': '65e402581ecd4f1e70e5f8583c3578ef', 'Date': 'Tue, 11 Feb 2025 02:26:39 GMT', 'Server': 'Google Frontend', 'Content-Length': '82'} 
 body={
    "message": "Cadastro realizado com sucesso",
    "_id": "T4i3GwxJ13qiwAC0"
} 
 </msg>
<msg time="2025-02-10T23:26:25.669135" level="INFO">C:\Users\ozeia\AppData\Local\Programs\Python\Python313\Lib\site-packages\urllib3\connectionpool.py:1097: InsecureRequestWarning: Unverified HTTPS request is being made to host 'serverest.dev'. Adding certificate verification is strongly advised. See: https://urllib3.readthedocs.io/en/latest/advanced-usage.html#tls-warnings
  warnings.warn(</msg>
<msg time="2025-02-10T23:26:25.669735" level="INFO">${resposta} = &lt;Response [201]&gt;</msg>
<var>${resposta}</var>
<arg>alias=ServeRest</arg>
<arg>url=/usuarios</arg>
<arg>json=${body}</arg>
<arg>expected_status=${status_code_esperado}</arg>
<doc>Sends a POST request on a previously created HTTP Session.</doc>
<status status="PASS" start="2025-02-10T23:26:25.275807" elapsed="0.393995"/>
</kw>
<kw name="Log" owner="BuiltIn">
<msg time="2025-02-10T23:26:25.670994" level="INFO">{'message': 'Cadastro realizado com sucesso', '_id': 'T4i3GwxJ13qiwAC0'}</msg>
<arg>${resposta.json()}</arg>
<doc>Logs the given message with the given level.</doc>
<status status="PASS" start="2025-02-10T23:26:25.670039" elapsed="0.001062"/>
</kw>
<if>
<branch type="IF" condition="${resposta.status_code} == 201">
<kw name="Set Test Variable" owner="BuiltIn">
<msg time="2025-02-10T23:26:25.673677" level="INFO">${ID_USUARIO} = T4i3GwxJ13qiwAC0</msg>
<arg>${ID_USUARIO}</arg>
<arg>${resposta.json()["_id"]}</arg>
<doc>Makes a variable available everywhere within the scope of the current test.</doc>
<status status="PASS" start="2025-02-10T23:26:25.672190" elapsed="0.001574"/>
</kw>
<status status="PASS" start="2025-02-10T23:26:25.671266" elapsed="0.002576"/>
</branch>
<status status="PASS" start="2025-02-10T23:26:25.671223" elapsed="0.002670"/>
</if>
<kw name="Set Test Variable" owner="BuiltIn">
<msg time="2025-02-10T23:26:25.674931" level="INFO">${RESPOSTA} = {'message': 'Cadastro realizado com sucesso', '_id': 'T4i3GwxJ13qiwAC0'}</msg>
<arg>${RESPOSTA}</arg>
<arg>${resposta.json()}</arg>
<doc>Makes a variable available everywhere within the scope of the current test.</doc>
<status status="PASS" start="2025-02-10T23:26:25.674080" elapsed="0.000931"/>
</kw>
<arg>email=${EMAIL_TESTE}</arg>
<arg>status_code_esperado=201</arg>
<status status="PASS" start="2025-02-10T23:26:25.274331" elapsed="0.400793"/>
</kw>
<kw name="Realizar Login com o usuário" owner="api_testing_usuarios">
<kw name="Create Dictionary" owner="BuiltIn">
<msg time="2025-02-10T23:26:25.676766" level="INFO">${body} = {'email': 'rmwb@emailteste.com', 'password': '1234'}</msg>
<var>${body}</var>
<arg>email=${EMAIL_TESTE}</arg>
<arg>password=1234</arg>
<doc>Creates and returns a dictionary based on the given ``items``.</doc>
<status status="PASS" start="2025-02-10T23:26:25.676369" elapsed="0.000462"/>
</kw>
<status status="PASS" start="2025-02-10T23:26:25.675861" elapsed="0.001087"/>
</kw>
<kw name="Conferir se o Login ocorreu com sucesso" owner="api_testing_usuarios">
<kw name="Log" owner="BuiltIn">
<msg time="2025-02-10T23:26:25.678357" level="INFO">{'message': 'Cadastro realizado com sucesso', '_id': 'T4i3GwxJ13qiwAC0'}</msg>
<arg>${RESPOSTA}</arg>
<doc>Logs the given message with the given level.</doc>
<status status="PASS" start="2025-02-10T23:26:25.678130" elapsed="0.000314"/>
</kw>
<kw name="Dictionary Should Contain Item" owner="Collections">
<arg>${RESPOSTA}</arg>
<arg>message</arg>
<arg>Cadastro realizado com sucesso</arg>
<doc>An item of ``key`` / ``value`` must be found in a ``dictionary``.</doc>
<status status="PASS" start="2025-02-10T23:26:25.678608" elapsed="0.000248"/>
</kw>
<status status="PASS" start="2025-02-10T23:26:25.677635" elapsed="0.001326"/>
</kw>
<status status="PASS" start="2025-02-10T23:26:25.272378" elapsed="0.407214"/>
</test>
<status status="PASS" start="2025-02-10T23:26:23.375702" elapsed="2.305909"/>
</suite>
<statistics>
<total>
<stat pass="4" fail="0" skip="0">All Tests</stat>
</total>
<tag>
</tag>
<suite>
<stat name="Api Testing Usuarios" id="s1" pass="4" fail="0" skip="0">Api Testing Usuarios</stat>
</suite>
</statistics>
<errors>
</errors>
</robot>
